<?xml version="1.0" encoding="UTF-8"?>
<!-- Generated by org.testng.reporters.JUnitReportReporter -->
<testsuite hostname="Safikuls-MacBook-Air.local" failures="0" tests="1" name="testCases.TC001_AccRegTest" time="24.992" errors="0" timestamp="2025-02-26T22:40:38 IST" skipped="0">
  <testcase classname="testCases.TC001_AccRegTest" name="test" time="24.992"/>
  <system-out/>
</testsuite> <!-- testCases.TC001_AccRegTest -->
